{
  "stats": {
    "suites": 6,
    "tests": 3,
    "passes": 3,
    "pending": 0,
    "failures": 0,
    "start": "2020-10-10T17:22:24.186Z",
    "end": "2020-10-10T17:22:24.223Z",
    "duration": 37,
    "testsRegistered": 3,
    "passPercent": 100,
    "pendingPercent": 0,
    "other": 0,
    "hasOther": false,
    "skipped": 0,
    "hasSkipped": false,
    "passPercentClass": "success",
    "pendingPercentClass": "danger"
  },
  "suites": {
    "title": "",
    "suites": [
      {
        "title": "server",
        "suites": [
          {
            "title": "#time()",
            "suites": [],
            "tests": [
              {
                "title": "Return the true time",
                "fullTitle": "server #time() Return the true time",
                "timedOut": false,
                "duration": 5,
                "state": "passed",
                "speed": "fast",
                "pass": true,
                "fail": false,
                "pending": false,
                "code": "assert.notEqual('2020-10-10', server.time());\n//assert.equal(-1, [1,2,3].indexOf(0));",
                "err": {},
                "isRoot": false,
                "uuid": "f6947706-42b5-490e-8baa-a69afd381b9a",
                "parentUUID": "b9c68c82-0edb-4cae-b2cd-01ad63c212d5",
                "isHook": false,
                "skipped": false
              }
            ],
            "pending": [],
            "root": false,
            "_timeout": 2000,
            "file": "\\test\\server.test.js",
            "uuid": "b9c68c82-0edb-4cae-b2cd-01ad63c212d5",
            "beforeHooks": [],
            "afterHooks": [],
            "fullFile": "D:\\GitHub\\Repository\\SE-project\\test\\server.test.js",
            "passes": [
              {
                "title": "Return the true time",
                "fullTitle": "server #time() Return the true time",
                "timedOut": false,
                "duration": 5,
                "state": "passed",
                "speed": "fast",
                "pass": true,
                "fail": false,
                "pending": false,
                "code": "assert.notEqual('2020-10-10', server.time());\n//assert.equal(-1, [1,2,3].indexOf(0));",
                "err": {},
                "isRoot": false,
                "uuid": "f6947706-42b5-490e-8baa-a69afd381b9a",
                "parentUUID": "b9c68c82-0edb-4cae-b2cd-01ad63c212d5",
                "isHook": false,
                "skipped": false
              }
            ],
            "failures": [],
            "skipped": [],
            "hasBeforeHooks": false,
            "hasAfterHooks": false,
            "hasTests": true,
            "hasSuites": false,
            "totalTests": 1,
            "totalPasses": 1,
            "totalFailures": 0,
            "totalPending": 0,
            "totalSkipped": 0,
            "hasPasses": true,
            "hasFailures": false,
            "hasPending": false,
            "hasSkipped": false,
            "duration": 5,
            "rootEmpty": false
          }
        ],
        "tests": [],
        "pending": [],
        "root": false,
        "_timeout": 2000,
        "file": "\\test\\server.test.js",
        "uuid": "41a06021-1b19-45da-a4fb-f7945165853d",
        "beforeHooks": [],
        "afterHooks": [],
        "fullFile": "D:\\GitHub\\Repository\\SE-project\\test\\server.test.js",
        "passes": [],
        "failures": [],
        "skipped": [],
        "hasBeforeHooks": false,
        "hasAfterHooks": false,
        "hasTests": false,
        "hasSuites": true,
        "totalTests": 0,
        "totalPasses": 0,
        "totalFailures": 0,
        "totalPending": 0,
        "totalSkipped": 0,
        "hasPasses": false,
        "hasFailures": false,
        "hasPending": false,
        "hasSkipped": false,
        "duration": 0,
        "rootEmpty": false
      },
      {
        "title": "createDesk",
        "suites": [
          {
            "title": "#createDeskList()",
            "suites": [],
            "tests": [
              {
                "title": "createDeskList",
                "fullTitle": "createDesk #createDeskList() createDeskList",
                "timedOut": false,
                "duration": 1,
                "state": "passed",
                "speed": "fast",
                "pass": true,
                "fail": false,
                "pending": false,
                "code": "server.GameServer(8001);\nassert.ok(server.createDeskList(50));",
                "err": {},
                "isRoot": false,
                "uuid": "f9090226-1d7d-443e-b0cd-753bc3e53be9",
                "parentUUID": "7f2b513d-610f-470b-b662-d27957b78eea",
                "isHook": false,
                "skipped": false
              }
            ],
            "pending": [],
            "root": false,
            "_timeout": 2000,
            "file": "\\test\\server.test.js",
            "uuid": "7f2b513d-610f-470b-b662-d27957b78eea",
            "beforeHooks": [],
            "afterHooks": [],
            "fullFile": "D:\\GitHub\\Repository\\SE-project\\test\\server.test.js",
            "passes": [
              {
                "title": "createDeskList",
                "fullTitle": "createDesk #createDeskList() createDeskList",
                "timedOut": false,
                "duration": 1,
                "state": "passed",
                "speed": "fast",
                "pass": true,
                "fail": false,
                "pending": false,
                "code": "server.GameServer(8001);\nassert.ok(server.createDeskList(50));",
                "err": {},
                "isRoot": false,
                "uuid": "f9090226-1d7d-443e-b0cd-753bc3e53be9",
                "parentUUID": "7f2b513d-610f-470b-b662-d27957b78eea",
                "isHook": false,
                "skipped": false
              }
            ],
            "failures": [],
            "skipped": [],
            "hasBeforeHooks": false,
            "hasAfterHooks": false,
            "hasTests": true,
            "hasSuites": false,
            "totalTests": 1,
            "totalPasses": 1,
            "totalFailures": 0,
            "totalPending": 0,
            "totalSkipped": 0,
            "hasPasses": true,
            "hasFailures": false,
            "hasPending": false,
            "hasSkipped": false,
            "duration": 1,
            "rootEmpty": false
          }
        ],
        "tests": [],
        "pending": [],
        "root": false,
        "_timeout": 2000,
        "file": "\\test\\server.test.js",
        "uuid": "06767097-251d-45a6-a78c-4e352f0be8f0",
        "beforeHooks": [],
        "afterHooks": [],
        "fullFile": "D:\\GitHub\\Repository\\SE-project\\test\\server.test.js",
        "passes": [],
        "failures": [],
        "skipped": [],
        "hasBeforeHooks": false,
        "hasAfterHooks": false,
        "hasTests": false,
        "hasSuites": true,
        "totalTests": 0,
        "totalPasses": 0,
        "totalFailures": 0,
        "totalPending": 0,
        "totalSkipped": 0,
        "hasPasses": false,
        "hasFailures": false,
        "hasPending": false,
        "hasSkipped": false,
        "duration": 0,
        "rootEmpty": false
      },
      {
        "title": "proto",
        "suites": [
          {
            "title": "#GameServer()",
            "suites": [],
            "tests": [
              {
                "title": "GameServer",
                "fullTitle": "proto #GameServer() GameServer",
                "timedOut": false,
                "duration": 0,
                "state": "passed",
                "speed": "fast",
                "pass": true,
                "fail": false,
                "pending": false,
                "code": "if(assert.ifError(server.GameServer(8001))) {\n    assert.ok(false)\n}\nelse {\n    assert.ok(true)\n}",
                "err": {},
                "isRoot": false,
                "uuid": "f564fd6c-971b-42ce-aeeb-ed9f9cf1bee1",
                "parentUUID": "b951de3a-c8f8-4ba8-baa9-de124422456f",
                "isHook": false,
                "skipped": false
              }
            ],
            "pending": [],
            "root": false,
            "_timeout": 2000,
            "file": "\\test\\server.test.js",
            "uuid": "b951de3a-c8f8-4ba8-baa9-de124422456f",
            "beforeHooks": [],
            "afterHooks": [],
            "fullFile": "D:\\GitHub\\Repository\\SE-project\\test\\server.test.js",
            "passes": [
              {
                "title": "GameServer",
                "fullTitle": "proto #GameServer() GameServer",
                "timedOut": false,
                "duration": 0,
                "state": "passed",
                "speed": "fast",
                "pass": true,
                "fail": false,
                "pending": false,
                "code": "if(assert.ifError(server.GameServer(8001))) {\n    assert.ok(false)\n}\nelse {\n    assert.ok(true)\n}",
                "err": {},
                "isRoot": false,
                "uuid": "f564fd6c-971b-42ce-aeeb-ed9f9cf1bee1",
                "parentUUID": "b951de3a-c8f8-4ba8-baa9-de124422456f",
                "isHook": false,
                "skipped": false
              }
            ],
            "failures": [],
            "skipped": [],
            "hasBeforeHooks": false,
            "hasAfterHooks": false,
            "hasTests": true,
            "hasSuites": false,
            "totalTests": 1,
            "totalPasses": 1,
            "totalFailures": 0,
            "totalPending": 0,
            "totalSkipped": 0,
            "hasPasses": true,
            "hasFailures": false,
            "hasPending": false,
            "hasSkipped": false,
            "duration": 0,
            "rootEmpty": false
          }
        ],
        "tests": [],
        "pending": [],
        "root": false,
        "_timeout": 2000,
        "file": "\\test\\server.test.js",
        "uuid": "4f110730-e788-4717-9ad2-03e5ae125943",
        "beforeHooks": [],
        "afterHooks": [],
        "fullFile": "D:\\GitHub\\Repository\\SE-project\\test\\server.test.js",
        "passes": [],
        "failures": [],
        "skipped": [],
        "hasBeforeHooks": false,
        "hasAfterHooks": false,
        "hasTests": false,
        "hasSuites": true,
        "totalTests": 0,
        "totalPasses": 0,
        "totalFailures": 0,
        "totalPending": 0,
        "totalSkipped": 0,
        "hasPasses": false,
        "hasFailures": false,
        "hasPending": false,
        "hasSkipped": false,
        "duration": 0,
        "rootEmpty": false
      }
    ],
    "tests": [],
    "pending": [],
    "root": true,
    "_timeout": 2000,
    "uuid": "fccabc76-8b1d-49af-abb6-0ad6331b6615",
    "beforeHooks": [],
    "afterHooks": [],
    "fullFile": "",
    "file": "",
    "passes": [],
    "failures": [],
    "skipped": [],
    "hasBeforeHooks": false,
    "hasAfterHooks": false,
    "hasTests": false,
    "hasSuites": true,
    "totalTests": 0,
    "totalPasses": 0,
    "totalFailures": 0,
    "totalPending": 0,
    "totalSkipped": 0,
    "hasPasses": false,
    "hasFailures": false,
    "hasPending": false,
    "hasSkipped": false,
    "duration": 0,
    "rootEmpty": true
  },
  "allTests": [
    {
      "title": "Return the true time",
      "fullTitle": "#time() Return the true time",
      "timedOut": false,
      "duration": 5,
      "state": "passed",
      "speed": "fast",
      "pass": true,
      "fail": false,
      "pending": false,
      "code": "assert.notEqual('2020-10-10', server.time());\n//assert.equal(-1, [1,2,3].indexOf(0));",
      "err": {},
      "isRoot": false,
      "uuid": "f6947706-42b5-490e-8baa-a69afd381b9a",
      "parentUUID": "b9c68c82-0edb-4cae-b2cd-01ad63c212d5",
      "isHook": false,
      "skipped": false
    },
    {
      "title": "createDeskList",
      "fullTitle": "#createDeskList() createDeskList",
      "timedOut": false,
      "duration": 1,
      "state": "passed",
      "speed": "fast",
      "pass": true,
      "fail": false,
      "pending": false,
      "code": "server.GameServer(8001);\nassert.ok(server.createDeskList(50));",
      "err": {},
      "isRoot": false,
      "uuid": "f9090226-1d7d-443e-b0cd-753bc3e53be9",
      "parentUUID": "7f2b513d-610f-470b-b662-d27957b78eea",
      "isHook": false,
      "skipped": false
    },
    {
      "title": "GameServer",
      "fullTitle": "#GameServer() GameServer",
      "timedOut": false,
      "duration": 0,
      "state": "passed",
      "speed": "fast",
      "pass": true,
      "fail": false,
      "pending": false,
      "code": "if(assert.ifError(server.GameServer(8001))) {\n    assert.ok(false)\n}\nelse {\n    assert.ok(true)\n}",
      "err": {},
      "isRoot": false,
      "uuid": "f564fd6c-971b-42ce-aeeb-ed9f9cf1bee1",
      "parentUUID": "b951de3a-c8f8-4ba8-baa9-de124422456f",
      "isHook": false,
      "skipped": false
    }
  ],
  "allPending": [],
  "allPasses": [
    {
      "title": "Return the true time",
      "fullTitle": "#time() Return the true time",
      "timedOut": false,
      "duration": 5,
      "state": "passed",
      "speed": "fast",
      "pass": true,
      "fail": false,
      "pending": false,
      "code": "assert.notEqual('2020-10-10', server.time());\n//assert.equal(-1, [1,2,3].indexOf(0));",
      "err": {},
      "isRoot": false,
      "uuid": "f6947706-42b5-490e-8baa-a69afd381b9a",
      "parentUUID": "b9c68c82-0edb-4cae-b2cd-01ad63c212d5",
      "isHook": false,
      "skipped": false
    },
    {
      "title": "createDeskList",
      "fullTitle": "#createDeskList() createDeskList",
      "timedOut": false,
      "duration": 1,
      "state": "passed",
      "speed": "fast",
      "pass": true,
      "fail": false,
      "pending": false,
      "code": "server.GameServer(8001);\nassert.ok(server.createDeskList(50));",
      "err": {},
      "isRoot": false,
      "uuid": "f9090226-1d7d-443e-b0cd-753bc3e53be9",
      "parentUUID": "7f2b513d-610f-470b-b662-d27957b78eea",
      "isHook": false,
      "skipped": false
    },
    {
      "title": "GameServer",
      "fullTitle": "#GameServer() GameServer",
      "timedOut": false,
      "duration": 0,
      "state": "passed",
      "speed": "fast",
      "pass": true,
      "fail": false,
      "pending": false,
      "code": "if(assert.ifError(server.GameServer(8001))) {\n    assert.ok(false)\n}\nelse {\n    assert.ok(true)\n}",
      "err": {},
      "isRoot": false,
      "uuid": "f564fd6c-971b-42ce-aeeb-ed9f9cf1bee1",
      "parentUUID": "b951de3a-c8f8-4ba8-baa9-de124422456f",
      "isHook": false,
      "skipped": false
    }
  ],
  "allFailures": [],
  "copyrightYear": 2020
}